app/build/intermediates/manifest_merge_blame_file/debug/manifest-merger-blame-debug-report.txt
1<?xml version="1.0" encoding="utf-8"?>
2<manifest xmlns:android="http://schemas.android.com/apk/res/android"
3    package="com.example.abcrentals"
4    android:versionCode="1"
5    android:versionName="1.0" >
6
7    <uses-sdk
8        android:minSdkVersion="23"
8-->src\main\AndroidManifest.xml
9        android:targetSdkVersion="28" />
9-->src\main\AndroidManifest.xml
10
11    <uses-permission android:name="android.permission.ACCESS_COARSE_LOCATION" />
11-->src\main\AndroidManifest.xml:6:5-81
11-->src\main\AndroidManifest.xml:6:22-78
12    <uses-permission android:name="android.permission.ACCESS_FINE_LOCATION" />
12-->src\main\AndroidManifest.xml:7:5-78
12-->src\main\AndroidManifest.xml:7:22-76
13    <!-- /* <uses-permission android:name="android.permission.CAMERA"/> -->
14    <uses-permission android:name="android.permission.ACCESS_NETWORK_STATE" />
14-->src\main\AndroidManifest.xml:9:5-78
14-->src\main\AndroidManifest.xml:9:22-76
15    <uses-permission android:name="android.permission.INTERNET" />
15-->src\main\AndroidManifest.xml:10:5-66
15-->src\main\AndroidManifest.xml:10:22-64
16    <uses-permission android:name="com.google.android.providers.gsf.permission.READ_GSERVICES" />
16-->src\main\AndroidManifest.xml:11:5-98
16-->src\main\AndroidManifest.xml:11:22-95
17    <uses-permission android:name="android.permission.WRITE_EXTERNAL_STORAGE" />
17-->src\main\AndroidManifest.xml:12:5-81
17-->src\main\AndroidManifest.xml:12:22-78
18    <uses-permission android:name="android.permission.READ_EXTERNAL_STORAGE" />
18-->src\main\AndroidManifest.xml:13:5-80
18-->src\main\AndroidManifest.xml:13:22-77
19
20    <uses-feature
20-->src\main\AndroidManifest.xml:15:5-16:34
21        android:name="android.hardware.Camera.any"
21-->src\main\AndroidManifest.xml:15:19-61
22        android:required="true" />
22-->src\main\AndroidManifest.xml:16:9-32
23    <uses-feature
23-->src\main\AndroidManifest.xml:17:5-95
24        android:name="android.hardware.Camera.autofocus"
24-->src\main\AndroidManifest.xml:17:19-67
25        android:required="false" />
25-->src\main\AndroidManifest.xml:17:68-92
26
27    <uses-permission android:name="android.permission.WAKE_LOCK" />
27-->[com.google.firebase:firebase-measurement-connector-impl:16.0.0] AndroidManifest.xml:24:5-68
27-->[com.google.firebase:firebase-measurement-connector-impl:16.0.0] AndroidManifest.xml:24:22-65
28    <uses-permission android:name="com.google.android.finsky.permission.BIND_GET_INSTALL_REFERRER_SERVICE" /> <!-- Required by older versions of Google Play services to create IID tokens -->
28-->[com.google.firebase:firebase-analytics:16.0.0] AndroidManifest.xml:26:5-110
28-->[com.google.firebase:firebase-analytics:16.0.0] AndroidManifest.xml:26:22-107
29    <uses-permission android:name="com.google.android.c2dm.permission.RECEIVE" />
29-->[com.google.firebase:firebase-iid:16.0.0] AndroidManifest.xml:26:5-82
29-->[com.google.firebase:firebase-iid:16.0.0] AndroidManifest.xml:26:22-79
30
31    <permission
31-->[com.google.firebase:firebase-iid:16.0.0] AndroidManifest.xml:28:5-30:47
32        android:name="com.example.abcrentals.permission.C2D_MESSAGE"
32-->[com.google.firebase:firebase-iid:16.0.0] AndroidManifest.xml:29:9-63
33        android:protectionLevel="signature" />
33-->[com.google.firebase:firebase-iid:16.0.0] AndroidManifest.xml:30:9-44
34
35    <uses-permission android:name="com.example.abcrentals.permission.C2D_MESSAGE" />
35-->[com.google.firebase:firebase-iid:16.0.0] AndroidManifest.xml:32:5-79
35-->[com.google.firebase:firebase-iid:16.0.0] AndroidManifest.xml:32:22-76
36
37    <application
37-->src\main\AndroidManifest.xml:19:5-67:19
38        android:allowBackup="true"
38-->src\main\AndroidManifest.xml:20:9-35
39        android:appComponentFactory="android.support.v4.app.CoreComponentFactory"
39-->[com.android.support:support-compat:28.0.0] AndroidManifest.xml:22:18-91
40        android:debuggable="true"
41        android:icon="@mipmap/ic_launcher"
41-->src\main\AndroidManifest.xml:21:9-43
42        android:label="@string/app_name"
42-->src\main\AndroidManifest.xml:22:9-41
43        android:roundIcon="@mipmap/ic_launcher_round"
43-->src\main\AndroidManifest.xml:23:9-54
44        android:supportsRtl="true"
44-->src\main\AndroidManifest.xml:24:9-35
45        android:testOnly="true"
46        android:theme="@style/AppTheme" >
46-->src\main\AndroidManifest.xml:25:9-40
47        <provider
47-->src\main\AndroidManifest.xml:26:9-38:20
48            android:name="android.support.v4.content.FileProvider"
48-->src\main\AndroidManifest.xml:27:13-67
49            android:authorities="com.example.abcrentals.fileprovider"
49-->src\main\AndroidManifest.xml:28:13-70
50            android:exported="false"
50-->src\main\AndroidManifest.xml:29:13-37
51            android:grantUriPermissions="true" >
51-->src\main\AndroidManifest.xml:30:13-47
52            <meta-data
52-->src\main\AndroidManifest.xml:33:13-37:19
53                android:name="android.support.FILE_PROVIDER_PATHS"
53-->src\main\AndroidManifest.xml:34:17-67
54                android:resource="@xml/path" />
54-->src\main\AndroidManifest.xml:35:17-45
55        </provider>
56
57        <activity
57-->src\main\AndroidManifest.xml:39:9-42:68
58            android:name="com.example.abcrentals.add_record"
58-->src\main\AndroidManifest.xml:40:13-39
59            android:label="@string/title_activity_add_record"
59-->src\main\AndroidManifest.xml:41:13-62
60            android:theme="@style/AppTheme.NoActionBar" />
60-->src\main\AndroidManifest.xml:42:13-56
61        <activity android:name="com.example.abcrentals.Logout" />
61-->src\main\AndroidManifest.xml:43:9-44
61-->src\main\AndroidManifest.xml:43:19-41
62        <activity android:name="com.example.abcrentals.SearchPage" >
62-->src\main\AndroidManifest.xml:44:9-50:20
62-->src\main\AndroidManifest.xml:44:19-45
63            <intent-filter>
63-->src\main\AndroidManifest.xml:45:13-49:29
64                <action android:name="android.intent.action.MAIN" />
64-->src\main\AndroidManifest.xml:46:17-69
64-->src\main\AndroidManifest.xml:46:25-66
65
66                <category android:name="android.intent.category.LAUNCHER" />
66-->src\main\AndroidManifest.xml:48:17-77
66-->src\main\AndroidManifest.xml:48:27-74
67            </intent-filter>
68        </activity>
69        <activity
69-->src\main\AndroidManifest.xml:51:9-53:52
70            android:name="com.example.abcrentals.signup"
70-->src\main\AndroidManifest.xml:52:13-35
71            android:screenOrientation="portrait" />
71-->src\main\AndroidManifest.xml:53:13-49
72        <activity
72-->src\main\AndroidManifest.xml:54:9-56:52
73            android:name="com.example.abcrentals.signin_app"
73-->src\main\AndroidManifest.xml:55:13-39
74            android:screenOrientation="portrait" />
74-->src\main\AndroidManifest.xml:56:13-49
75        <activity
75-->src\main\AndroidManifest.xml:57:9-59:52
76            android:name="com.example.abcrentals.MainActivity"
76-->src\main\AndroidManifest.xml:58:13-41
77            android:screenOrientation="portrait" />
77-->src\main\AndroidManifest.xml:59:13-49
78        <activity
78-->src\main\AndroidManifest.xml:60:9-66:20
79            android:name="com.example.abcrentals.DetailActivity"
79-->src\main\AndroidManifest.xml:61:13-43
80            android:parentActivityName="com.example.abcrentals.SearchPage" >
80-->src\main\AndroidManifest.xml:62:13-53
81            <meta-data
81-->src\main\AndroidManifest.xml:63:13-65:49
82                android:name="android.support.PARENT_ACTIVITY"
82-->src\main\AndroidManifest.xml:64:17-63
83                android:value=".MainActivity" />
83-->src\main\AndroidManifest.xml:65:17-46
84        </activity>
85        <activity
85-->[com.google.firebase:firebase-auth:16.1.0] AndroidManifest.xml:24:9-31:50
86            android:name="com.google.firebase.auth.internal.FederatedSignInActivity"
86-->[com.google.firebase:firebase-auth:16.1.0] AndroidManifest.xml:25:13-85
87            android:excludeFromRecents="true"
87-->[com.google.firebase:firebase-auth:16.1.0] AndroidManifest.xml:26:13-46
88            android:exported="true"
88-->[com.google.firebase:firebase-auth:16.1.0] AndroidManifest.xml:27:13-36
89            android:launchMode="singleTask"
89-->[com.google.firebase:firebase-auth:16.1.0] AndroidManifest.xml:28:13-44
90            android:permission="com.google.firebase.auth.api.gms.permission.LAUNCH_FEDERATED_SIGN_IN"
90-->[com.google.firebase:firebase-auth:16.1.0] AndroidManifest.xml:29:13-102
91            android:theme="@android:style/Theme.Translucent.NoTitleBar" />
91-->[com.google.firebase:firebase-auth:16.1.0] AndroidManifest.xml:30:13-72
92
93        <service
93-->[com.google.firebase:firebase-auth:16.1.0] AndroidManifest.xml:33:9-39:19
94            android:name="com.google.firebase.components.ComponentDiscoveryService"
94-->[com.google.firebase:firebase-auth:16.1.0] AndroidManifest.xml:34:13-84
95            android:exported="false" >
95-->[com.google.firebase:firebase-auth:16.1.0] AndroidManifest.xml:35:13-37
96            <meta-data
96-->[com.google.firebase:firebase-auth:16.1.0] AndroidManifest.xml:36:13-38:85
97                android:name="com.google.firebase.components:com.google.firebase.auth.FirebaseAuthRegistrar"
97-->[com.google.firebase:firebase-auth:16.1.0] AndroidManifest.xml:37:17-109
98                android:value="com.google.firebase.components.ComponentRegistrar" />
98-->[com.google.firebase:firebase-auth:16.1.0] AndroidManifest.xml:38:17-82
99            <meta-data
99-->[com.google.firebase:firebase-firestore:17.0.4] AndroidManifest.xml:12:13-14:85
100                android:name="com.google.firebase.components:com.google.firebase.firestore.FirestoreRegistrar"
100-->[com.google.firebase:firebase-firestore:17.0.4] AndroidManifest.xml:13:17-111
101                android:value="com.google.firebase.components.ComponentRegistrar" />
101-->[com.google.firebase:firebase-firestore:17.0.4] AndroidManifest.xml:14:17-82
102            <meta-data
102-->[com.google.firebase:firebase-measurement-connector-impl:16.0.0] AndroidManifest.xml:28:13-30:85
103                android:name="com.google.firebase.components:com.google.firebase.analytics.connector.internal.AnalyticsConnectorRegistrar"
103-->[com.google.firebase:firebase-measurement-connector-impl:16.0.0] AndroidManifest.xml:29:17-139
104                android:value="com.google.firebase.components.ComponentRegistrar" />
104-->[com.google.firebase:firebase-measurement-connector-impl:16.0.0] AndroidManifest.xml:30:17-82
105            <meta-data
105-->[com.google.firebase:firebase-iid:16.0.0] AndroidManifest.xml:36:13-38:85
106                android:name="com.google.firebase.components:com.google.firebase.iid.Registrar"
106-->[com.google.firebase:firebase-iid:16.0.0] AndroidManifest.xml:37:17-96
107                android:value="com.google.firebase.components.ComponentRegistrar" />
107-->[com.google.firebase:firebase-iid:16.0.0] AndroidManifest.xml:38:17-82
108        </service>
109
110        <provider
110-->[com.squareup.picasso:picasso:2.71828] AndroidManifest.xml:8:9-11:40
111            android:name="com.squareup.picasso.PicassoProvider"
111-->[com.squareup.picasso:picasso:2.71828] AndroidManifest.xml:9:13-64
112            android:authorities="com.example.abcrentals.com.squareup.picasso"
112-->[com.squareup.picasso:picasso:2.71828] AndroidManifest.xml:10:13-72
113            android:exported="false" />
113-->[com.squareup.picasso:picasso:2.71828] AndroidManifest.xml:11:13-37
114
115        <receiver
115-->[com.google.firebase:firebase-analytics:16.0.0] AndroidManifest.xml:29:9-33:20
116            android:name="com.google.android.gms.measurement.AppMeasurementReceiver"
116-->[com.google.firebase:firebase-analytics:16.0.0] AndroidManifest.xml:30:13-85
117            android:enabled="true"
117-->[com.google.firebase:firebase-analytics:16.0.0] AndroidManifest.xml:31:13-35
118            android:exported="false" >
118-->[com.google.firebase:firebase-analytics:16.0.0] AndroidManifest.xml:32:13-37
119        </receiver>
120        <receiver
120-->[com.google.firebase:firebase-analytics:16.0.0] AndroidManifest.xml:34:9-42:20
121            android:name="com.google.android.gms.measurement.AppMeasurementInstallReferrerReceiver"
121-->[com.google.firebase:firebase-analytics:16.0.0] AndroidManifest.xml:35:13-100
122            android:enabled="true"
122-->[com.google.firebase:firebase-analytics:16.0.0] AndroidManifest.xml:36:13-35
123            android:exported="true"
123-->[com.google.firebase:firebase-analytics:16.0.0] AndroidManifest.xml:37:13-36
124            android:permission="android.permission.INSTALL_PACKAGES" >
124-->[com.google.firebase:firebase-analytics:16.0.0] AndroidManifest.xml:38:13-69
125            <intent-filter>
125-->[com.google.firebase:firebase-analytics:16.0.0] AndroidManifest.xml:39:13-41:29
126                <action android:name="com.android.vending.INSTALL_REFERRER" />
126-->[com.google.firebase:firebase-analytics:16.0.0] AndroidManifest.xml:40:17-79
126-->[com.google.firebase:firebase-analytics:16.0.0] AndroidManifest.xml:40:25-76
127            </intent-filter>
128        </receiver>
129
130        <service
130-->[com.google.firebase:firebase-analytics:16.0.0] AndroidManifest.xml:44:9-47:40
131            android:name="com.google.android.gms.measurement.AppMeasurementService"
131-->[com.google.firebase:firebase-analytics:16.0.0] AndroidManifest.xml:45:13-84
132            android:enabled="true"
132-->[com.google.firebase:firebase-analytics:16.0.0] AndroidManifest.xml:46:13-35
133            android:exported="false" />
133-->[com.google.firebase:firebase-analytics:16.0.0] AndroidManifest.xml:47:13-37
134        <service
134-->[com.google.firebase:firebase-analytics:16.0.0] AndroidManifest.xml:48:9-52:72
135            android:name="com.google.android.gms.measurement.AppMeasurementJobService"
135-->[com.google.firebase:firebase-analytics:16.0.0] AndroidManifest.xml:49:13-87
136            android:enabled="true"
136-->[com.google.firebase:firebase-analytics:16.0.0] AndroidManifest.xml:50:13-35
137            android:exported="false"
137-->[com.google.firebase:firebase-analytics:16.0.0] AndroidManifest.xml:51:13-37
138            android:permission="android.permission.BIND_JOB_SERVICE" />
138-->[com.google.firebase:firebase-analytics:16.0.0] AndroidManifest.xml:52:13-69
139
140        <receiver
140-->[com.google.firebase:firebase-iid:16.0.0] AndroidManifest.xml:41:9-50:20
141            android:name="com.google.firebase.iid.FirebaseInstanceIdReceiver"
141-->[com.google.firebase:firebase-iid:16.0.0] AndroidManifest.xml:42:13-78
142            android:exported="true"
142-->[com.google.firebase:firebase-iid:16.0.0] AndroidManifest.xml:43:13-36
143            android:permission="com.google.android.c2dm.permission.SEND" >
143-->[com.google.firebase:firebase-iid:16.0.0] AndroidManifest.xml:44:13-73
144            <intent-filter>
144-->[com.google.firebase:firebase-iid:16.0.0] AndroidManifest.xml:45:13-49:29
145                <action android:name="com.google.android.c2dm.intent.RECEIVE" />
145-->[com.google.firebase:firebase-iid:16.0.0] AndroidManifest.xml:46:17-81
145-->[com.google.firebase:firebase-iid:16.0.0] AndroidManifest.xml:46:25-78
146
147                <category android:name="com.example.abcrentals" />
147-->[com.google.firebase:firebase-iid:16.0.0] AndroidManifest.xml:48:17-61
147-->[com.google.firebase:firebase-iid:16.0.0] AndroidManifest.xml:48:27-58
148            </intent-filter>
149        </receiver>
150        <!--
151             FirebaseInstanceIdService performs security checks at runtime,
152             no need for explicit permissions despite exported="true"
153        -->
154        <service
154-->[com.google.firebase:firebase-iid:16.0.0] AndroidManifest.xml:56:9-62:19
155            android:name="com.google.firebase.iid.FirebaseInstanceIdService"
155-->[com.google.firebase:firebase-iid:16.0.0] AndroidManifest.xml:57:13-77
156            android:exported="true" >
156-->[com.google.firebase:firebase-iid:16.0.0] AndroidManifest.xml:58:13-36
157            <intent-filter android:priority="-500" >
157-->[com.google.firebase:firebase-iid:16.0.0] AndroidManifest.xml:59:13-61:29
157-->[com.google.firebase:firebase-iid:16.0.0] AndroidManifest.xml:59:28-51
158                <action android:name="com.google.firebase.INSTANCE_ID_EVENT" />
158-->[com.google.firebase:firebase-iid:16.0.0] AndroidManifest.xml:60:17-80
158-->[com.google.firebase:firebase-iid:16.0.0] AndroidManifest.xml:60:25-77
159            </intent-filter>
160        </service>
161
162        <activity
162-->[com.google.android.gms:play-services-base:16.0.1] AndroidManifest.xml:23:9-26:75
163            android:name="com.google.android.gms.common.api.GoogleApiActivity"
163-->[com.google.android.gms:play-services-base:16.0.1] AndroidManifest.xml:24:13-79
164            android:exported="false"
164-->[com.google.android.gms:play-services-base:16.0.1] AndroidManifest.xml:25:13-37
165            android:theme="@android:style/Theme.Translucent.NoTitleBar" />
165-->[com.google.android.gms:play-services-base:16.0.1] AndroidManifest.xml:26:13-72
166
167        <provider
167-->[com.google.firebase:firebase-common:16.0.3] AndroidManifest.xml:10:9-14:39
168            android:name="com.google.firebase.provider.FirebaseInitProvider"
168-->[com.google.firebase:firebase-common:16.0.3] AndroidManifest.xml:11:13-77
169            android:authorities="com.example.abcrentals.firebaseinitprovider"
169-->[com.google.firebase:firebase-common:16.0.3] AndroidManifest.xml:12:13-72
170            android:exported="false"
170-->[com.google.firebase:firebase-common:16.0.3] AndroidManifest.xml:13:13-37
171            android:initOrder="100" />
171-->[com.google.firebase:firebase-common:16.0.3] AndroidManifest.xml:14:13-36
172
173        <meta-data
173-->[com.google.android.gms:play-services-basement:16.1.0] AndroidManifest.xml:23:9-25:69
174            android:name="com.google.android.gms.version"
174-->[com.google.android.gms:play-services-basement:16.1.0] AndroidManifest.xml:24:13-58
175            android:value="@integer/google_play_services_version" />
175-->[com.google.android.gms:play-services-basement:16.1.0] AndroidManifest.xml:25:13-66
176        <meta-data
176-->[com.android.support:support-v4:26.1.0] AndroidManifest.xml:26:9-28:38
177            android:name="android.support.VERSION"
177-->[com.android.support:support-v4:26.1.0] AndroidManifest.xml:27:13-51
178            android:value="26.1.0" />
178-->[com.android.support:support-v4:26.1.0] AndroidManifest.xml:28:13-35
179    </application>
180
181</manifest>